<?xml version="1.0" encoding="UTF-8"?>
<testng-results skipped="0" failed="1" ignored="0" total="5" passed="4">
  <reporter-output>
  </reporter-output>
  <suite name="Default suite" duration-ms="18073" started-at="2021-06-14T10:49:31Z" finished-at="2021-06-14T10:49:49Z">
    <groups>
    </groups>
    <test name="Default test" duration-ms="18073" started-at="2021-06-14T10:49:31Z" finished-at="2021-06-14T10:49:49Z">
      <class name="org.mainmodule.Mainmodule">
        <test-method status="PASS" signature="Browser()[pri:0, instance:org.mainmodule.Mainmodule@5419f379]" name="Browser" is-config="true" duration-ms="2816" started-at="2021-06-14T16:19:28Z" finished-at="2021-06-14T16:19:31Z">
          <reporter-output>
          </reporter-output>
        </test-method> <!-- Browser -->
        <test-method status="PASS" signature="accessUrl()[pri:0, instance:org.mainmodule.Mainmodule@5419f379]" name="accessUrl" duration-ms="3756" started-at="2021-06-14T16:19:31Z" finished-at="2021-06-14T16:19:34Z">
          <reporter-output>
          </reporter-output>
        </test-method> <!-- accessUrl -->
        <test-method status="PASS" signature="adminModule()[pri:1, instance:org.mainmodule.Mainmodule@5419f379]" name="adminModule" duration-ms="4006" started-at="2021-06-14T16:19:34Z" finished-at="2021-06-14T16:19:38Z">
          <reporter-output>
          </reporter-output>
        </test-method> <!-- adminModule -->
        <test-method status="PASS" signature="addusermodule()[pri:2, instance:org.mainmodule.Mainmodule@5419f379]" name="addusermodule" duration-ms="4452" started-at="2021-06-14T16:19:38Z" depends-on-methods="org.mainmodule.Mainmodule.adminModule" finished-at="2021-06-14T16:19:43Z">
          <reporter-output>
          </reporter-output>
        </test-method> <!-- addusermodule -->
        <test-method status="FAIL" signature="editUsermodule()[pri:3, instance:org.mainmodule.Mainmodule@5419f379]" name="editUsermodule" duration-ms="2340" started-at="2021-06-14T16:19:43Z" depends-on-methods="org.mainmodule.Mainmodule.adminModule" finished-at="2021-06-14T16:19:45Z">
          <exception class="org.openqa.selenium.NoSuchElementException">
            <message>
              <![CDATA[no such element: Unable to locate element: {"method":"xpath","selector":"//a[text()='Rohini']"}
  (Session info: chrome=91.0.4472.77)
For documentation on this error, please visit: https://www.seleniumhq.org/exceptions/no_such_element.html
Build info: version: '3.141.59', revision: 'e82be7d358', time: '2018-11-14T08:17:03'
System info: host: 'LAPTOP-0HFMUK50', ip: '192.168.0.102', os.name: 'Windows 10', os.arch: 'amd64', os.version: '10.0', java.version: '1.8.0_281'
Driver info: org.openqa.selenium.chrome.ChromeDriver
Capabilities {acceptInsecureCerts: false, browserName: chrome, browserVersion: 91.0.4472.77, chrome: {chromedriverVersion: 91.0.4472.19 (1bf021f248676..., userDataDir: C:\Users\ROHINI~1\AppData\L...}, goog:chromeOptions: {debuggerAddress: localhost:50457}, javascriptEnabled: true, networkConnectionEnabled: false, pageLoadStrategy: normal, platform: WINDOWS, platformName: WINDOWS, proxy: Proxy(), setWindowRect: true, strictFileInteractability: false, timeouts: {implicit: 0, pageLoad: 300000, script: 30000}, unhandledPromptBehavior: dismiss and notify, webauthn:extension:largeBlob: true, webauthn:virtualAuthenticators: true}
Session ID: 3706aa30aded2f5a16f64179b0118bbc
*** Element info: {Using=xpath, value=//a[text()='Rohini']}]]>
            </message>
            <full-stacktrace>
              <![CDATA[org.openqa.selenium.NoSuchElementException: no such element: Unable to locate element: {"method":"xpath","selector":"//a[text()='Rohini']"}
  (Session info: chrome=91.0.4472.77)
For documentation on this error, please visit: https://www.seleniumhq.org/exceptions/no_such_element.html
Build info: version: '3.141.59', revision: 'e82be7d358', time: '2018-11-14T08:17:03'
System info: host: 'LAPTOP-0HFMUK50', ip: '192.168.0.102', os.name: 'Windows 10', os.arch: 'amd64', os.version: '10.0', java.version: '1.8.0_281'
Driver info: org.openqa.selenium.chrome.ChromeDriver
Capabilities {acceptInsecureCerts: false, browserName: chrome, browserVersion: 91.0.4472.77, chrome: {chromedriverVersion: 91.0.4472.19 (1bf021f248676..., userDataDir: C:\Users\ROHINI~1\AppData\L...}, goog:chromeOptions: {debuggerAddress: localhost:50457}, javascriptEnabled: true, networkConnectionEnabled: false, pageLoadStrategy: normal, platform: WINDOWS, platformName: WINDOWS, proxy: Proxy(), setWindowRect: true, strictFileInteractability: false, timeouts: {implicit: 0, pageLoad: 300000, script: 30000}, unhandledPromptBehavior: dismiss and notify, webauthn:extension:largeBlob: true, webauthn:virtualAuthenticators: true}
Session ID: 3706aa30aded2f5a16f64179b0118bbc
*** Element info: {Using=xpath, value=//a[text()='Rohini']}
	at sun.reflect.NativeConstructorAccessorImpl.newInstance0(Native Method)
	at sun.reflect.NativeConstructorAccessorImpl.newInstance(Unknown Source)
	at sun.reflect.DelegatingConstructorAccessorImpl.newInstance(Unknown Source)
	at java.lang.reflect.Constructor.newInstance(Unknown Source)
	at org.openqa.selenium.remote.http.W3CHttpResponseCodec.createException(W3CHttpResponseCodec.java:187)
	at org.openqa.selenium.remote.http.W3CHttpResponseCodec.decode(W3CHttpResponseCodec.java:122)
	at org.openqa.selenium.remote.http.W3CHttpResponseCodec.decode(W3CHttpResponseCodec.java:49)
	at org.openqa.selenium.remote.HttpCommandExecutor.execute(HttpCommandExecutor.java:158)
	at org.openqa.selenium.remote.service.DriverCommandExecutor.execute(DriverCommandExecutor.java:83)
	at org.openqa.selenium.remote.RemoteWebDriver.execute(RemoteWebDriver.java:552)
	at org.openqa.selenium.remote.RemoteWebDriver.findElement(RemoteWebDriver.java:323)
	at org.openqa.selenium.remote.RemoteWebDriver.findElementByXPath(RemoteWebDriver.java:428)
	at org.openqa.selenium.By$ByXPath.findElement(By.java:353)
	at org.openqa.selenium.remote.RemoteWebDriver.findElement(RemoteWebDriver.java:315)
	at org.openqa.selenium.support.pagefactory.DefaultElementLocator.findElement(DefaultElementLocator.java:69)
	at org.openqa.selenium.support.pagefactory.internal.LocatingElementHandler.invoke(LocatingElementHandler.java:38)
	at com.sun.proxy.$Proxy9.click(Unknown Source)
	at org.Base.BaseClass.click(BaseClass.java:45)
	at org.mainmodule.Mainmodule.editUsermodule(Mainmodule.java:46)
	at sun.reflect.NativeMethodAccessorImpl.invoke0(Native Method)
	at sun.reflect.NativeMethodAccessorImpl.invoke(Unknown Source)
	at sun.reflect.DelegatingMethodAccessorImpl.invoke(Unknown Source)
	at java.lang.reflect.Method.invoke(Unknown Source)
	at org.testng.internal.MethodInvocationHelper.invokeMethod(MethodInvocationHelper.java:104)
	at org.testng.internal.Invoker.invokeMethod(Invoker.java:645)
	at org.testng.internal.Invoker.invokeTestMethod(Invoker.java:851)
	at org.testng.internal.Invoker.invokeTestMethods(Invoker.java:1177)
	at org.testng.internal.TestMethodWorker.invokeTestMethods(TestMethodWorker.java:129)
	at org.testng.internal.TestMethodWorker.run(TestMethodWorker.java:112)
	at org.testng.TestRunner.privateRun(TestRunner.java:756)
	at org.testng.TestRunner.run(TestRunner.java:610)
	at org.testng.SuiteRunner.runTest(SuiteRunner.java:387)
	at org.testng.SuiteRunner.runSequentially(SuiteRunner.java:382)
	at org.testng.SuiteRunner.privateRun(SuiteRunner.java:340)
	at org.testng.SuiteRunner.run(SuiteRunner.java:289)
	at org.testng.SuiteRunnerWorker.runSuite(SuiteRunnerWorker.java:52)
	at org.testng.SuiteRunnerWorker.run(SuiteRunnerWorker.java:86)
	at org.testng.TestNG.runSuitesSequentially(TestNG.java:1293)
	at org.testng.TestNG.runSuitesLocally(TestNG.java:1218)
	at org.testng.TestNG.runSuites(TestNG.java:1133)
	at org.testng.TestNG.run(TestNG.java:1104)
	at org.testng.remote.AbstractRemoteTestNG.run(AbstractRemoteTestNG.java:114)
	at org.testng.remote.RemoteTestNG.initAndRun(RemoteTestNG.java:251)
	at org.testng.remote.RemoteTestNG.main(RemoteTestNG.java:77)
]]>
            </full-stacktrace>
          </exception> <!-- org.openqa.selenium.NoSuchElementException -->
          <reporter-output>
          </reporter-output>
        </test-method> <!-- editUsermodule -->
        <test-method status="PASS" signature="deleteUsermodule()[pri:4, instance:org.mainmodule.Mainmodule@5419f379]" name="deleteUsermodule" duration-ms="3469" started-at="2021-06-14T16:19:45Z" depends-on-methods="org.mainmodule.Mainmodule.adminModule" finished-at="2021-06-14T16:19:49Z">
          <reporter-output>
          </reporter-output>
        </test-method> <!-- deleteUsermodule -->
        <test-method status="PASS" signature="ClosingBrowser()[pri:0, instance:org.mainmodule.Mainmodule@5419f379]" name="ClosingBrowser" is-config="true" duration-ms="150" started-at="2021-06-14T16:19:49Z" finished-at="2021-06-14T16:19:49Z">
          <reporter-output>
          </reporter-output>
        </test-method> <!-- ClosingBrowser -->
      </class> <!-- org.mainmodule.Mainmodule -->
    </test> <!-- Default test -->
  </suite> <!-- Default suite -->
</testng-results>
